{"C:\\Users\\remcc\\jimerator\\lib\\index.ts": {"path":"C:\\Users\\remcc\\jimerator\\lib\\index.ts","all":false,"statementMap":{"21":{"start":{"line":22,"column":0},"end":{"line":22,"column":34}}},"s":{"21":1},"branchMap":{},"b":{},"fnMap":{},"f":{}}
,"C:\\Users\\remcc\\jimerator\\lib\\jim.ts": {"path":"C:\\Users\\remcc\\jimerator\\lib\\jim.ts","all":false,"statementMap":{"20":{"start":{"line":21,"column":0},"end":{"line":21,"column":177}},"70":{"start":{"line":71,"column":0},"end":{"line":71,"column":55}},"71":{"start":{"line":72,"column":0},"end":{"line":72,"column":16}},"72":{"start":{"line":73,"column":0},"end":{"line":73,"column":19}},"73":{"start":{"line":74,"column":0},"end":{"line":74,"column":21}},"74":{"start":{"line":75,"column":0},"end":{"line":75,"column":22}},"75":{"start":{"line":76,"column":0},"end":{"line":76,"column":15}},"76":{"start":{"line":77,"column":0},"end":{"line":77,"column":19}},"77":{"start":{"line":78,"column":0},"end":{"line":78,"column":16}},"78":{"start":{"line":79,"column":0},"end":{"line":79,"column":19}},"79":{"start":{"line":80,"column":0},"end":{"line":80,"column":19}},"80":{"start":{"line":81,"column":0},"end":{"line":81,"column":15}},"81":{"start":{"line":82,"column":0},"end":{"line":82,"column":16}},"82":{"start":{"line":83,"column":0},"end":{"line":83,"column":1}},"84":{"start":{"line":85,"column":0},"end":{"line":85,"column":37}},"85":{"start":{"line":86,"column":0},"end":{"line":86,"column":28}},"86":{"start":{"line":87,"column":0},"end":{"line":87,"column":32}},"87":{"start":{"line":88,"column":0},"end":{"line":88,"column":3}},"88":{"start":{"line":89,"column":0},"end":{"line":89,"column":1}},"92":{"start":{"line":93,"column":0},"end":{"line":93,"column":24}},"99":{"start":{"line":100,"column":0},"end":{"line":100,"column":74}},"100":{"start":{"line":101,"column":0},"end":{"line":101,"column":47}},"101":{"start":{"line":102,"column":0},"end":{"line":102,"column":49}},"102":{"start":{"line":103,"column":0},"end":{"line":103,"column":52}},"103":{"start":{"line":104,"column":0},"end":{"line":104,"column":30}},"104":{"start":{"line":105,"column":0},"end":{"line":105,"column":32}},"105":{"start":{"line":106,"column":0},"end":{"line":106,"column":12}},"106":{"start":{"line":107,"column":0},"end":{"line":107,"column":88}},"107":{"start":{"line":108,"column":0},"end":{"line":108,"column":5}},"108":{"start":{"line":109,"column":0},"end":{"line":109,"column":47}},"109":{"start":{"line":110,"column":0},"end":{"line":110,"column":3}},"111":{"start":{"line":112,"column":0},"end":{"line":112,"column":13}},"112":{"start":{"line":113,"column":0},"end":{"line":113,"column":21}},"113":{"start":{"line":114,"column":0},"end":{"line":114,"column":3}},"115":{"start":{"line":116,"column":0},"end":{"line":116,"column":75}},"116":{"start":{"line":117,"column":0},"end":{"line":117,"column":27}},"118":{"start":{"line":119,"column":0},"end":{"line":119,"column":58}},"119":{"start":{"line":120,"column":0},"end":{"line":120,"column":52}},"120":{"start":{"line":121,"column":0},"end":{"line":121,"column":37}},"121":{"start":{"line":122,"column":0},"end":{"line":122,"column":51}},"122":{"start":{"line":123,"column":0},"end":{"line":123,"column":60}},"123":{"start":{"line":124,"column":0},"end":{"line":124,"column":19}},"124":{"start":{"line":125,"column":0},"end":{"line":125,"column":56}},"125":{"start":{"line":126,"column":0},"end":{"line":126,"column":75}},"126":{"start":{"line":127,"column":0},"end":{"line":127,"column":11}},"127":{"start":{"line":128,"column":0},"end":{"line":128,"column":10}},"128":{"start":{"line":129,"column":0},"end":{"line":129,"column":25}},"129":{"start":{"line":130,"column":0},"end":{"line":130,"column":8}},"130":{"start":{"line":131,"column":0},"end":{"line":131,"column":7}},"131":{"start":{"line":132,"column":0},"end":{"line":132,"column":3}},"133":{"start":{"line":134,"column":0},"end":{"line":134,"column":77}},"134":{"start":{"line":135,"column":0},"end":{"line":135,"column":27}},"135":{"start":{"line":136,"column":0},"end":{"line":136,"column":59}},"136":{"start":{"line":137,"column":0},"end":{"line":137,"column":58}},"137":{"start":{"line":138,"column":0},"end":{"line":138,"column":48}},"138":{"start":{"line":139,"column":0},"end":{"line":139,"column":48}},"139":{"start":{"line":140,"column":0},"end":{"line":140,"column":51}},"140":{"start":{"line":141,"column":0},"end":{"line":141,"column":72}},"141":{"start":{"line":142,"column":0},"end":{"line":142,"column":17}},"142":{"start":{"line":143,"column":0},"end":{"line":143,"column":56}},"143":{"start":{"line":144,"column":0},"end":{"line":144,"column":75}},"144":{"start":{"line":145,"column":0},"end":{"line":145,"column":11}},"145":{"start":{"line":146,"column":0},"end":{"line":146,"column":10}},"146":{"start":{"line":147,"column":0},"end":{"line":147,"column":25}},"147":{"start":{"line":148,"column":0},"end":{"line":148,"column":8}},"148":{"start":{"line":149,"column":0},"end":{"line":149,"column":7}},"149":{"start":{"line":150,"column":0},"end":{"line":150,"column":3}},"151":{"start":{"line":152,"column":0},"end":{"line":152,"column":56}},"152":{"start":{"line":153,"column":0},"end":{"line":153,"column":49}},"153":{"start":{"line":154,"column":0},"end":{"line":154,"column":19}},"154":{"start":{"line":155,"column":0},"end":{"line":155,"column":28}},"155":{"start":{"line":156,"column":0},"end":{"line":156,"column":35}},"156":{"start":{"line":157,"column":0},"end":{"line":157,"column":7}},"157":{"start":{"line":158,"column":0},"end":{"line":158,"column":5}},"158":{"start":{"line":159,"column":0},"end":{"line":159,"column":41}},"159":{"start":{"line":160,"column":0},"end":{"line":160,"column":43}},"160":{"start":{"line":161,"column":0},"end":{"line":161,"column":12}},"161":{"start":{"line":162,"column":0},"end":{"line":162,"column":45}},"162":{"start":{"line":163,"column":0},"end":{"line":163,"column":5}},"163":{"start":{"line":164,"column":0},"end":{"line":164,"column":21}},"164":{"start":{"line":165,"column":0},"end":{"line":165,"column":3}},"166":{"start":{"line":167,"column":0},"end":{"line":167,"column":19}},"167":{"start":{"line":168,"column":0},"end":{"line":168,"column":30}},"168":{"start":{"line":169,"column":0},"end":{"line":169,"column":33}},"169":{"start":{"line":170,"column":0},"end":{"line":170,"column":35}},"170":{"start":{"line":171,"column":0},"end":{"line":171,"column":16}},"171":{"start":{"line":172,"column":0},"end":{"line":172,"column":6}},"172":{"start":{"line":173,"column":0},"end":{"line":173,"column":61}},"173":{"start":{"line":174,"column":0},"end":{"line":174,"column":24}},"174":{"start":{"line":175,"column":0},"end":{"line":175,"column":47}},"175":{"start":{"line":176,"column":0},"end":{"line":176,"column":38}},"176":{"start":{"line":177,"column":0},"end":{"line":177,"column":8}},"177":{"start":{"line":178,"column":0},"end":{"line":178,"column":46}},"178":{"start":{"line":179,"column":0},"end":{"line":179,"column":18}},"179":{"start":{"line":180,"column":0},"end":{"line":180,"column":27}},"180":{"start":{"line":181,"column":0},"end":{"line":181,"column":16}},"181":{"start":{"line":182,"column":0},"end":{"line":182,"column":31}},"182":{"start":{"line":183,"column":0},"end":{"line":183,"column":6}},"183":{"start":{"line":184,"column":0},"end":{"line":184,"column":3}},"185":{"start":{"line":186,"column":0},"end":{"line":186,"column":1}}},"s":{"20":1,"70":1,"71":1,"72":1,"73":1,"74":1,"75":1,"76":1,"77":1,"78":1,"79":1,"80":1,"81":1,"82":1,"84":1,"85":1,"86":0,"87":0,"88":1,"92":1,"99":1,"100":1,"101":1,"102":1,"103":1,"104":0,"105":0,"106":0,"107":0,"108":1,"109":1,"111":1,"112":2,"113":2,"115":1,"116":0,"118":0,"119":0,"120":0,"121":0,"122":0,"123":0,"124":0,"125":0,"126":0,"127":0,"128":0,"129":0,"130":0,"131":0,"133":1,"134":1,"135":1,"136":1,"137":4,"138":4,"139":4,"140":4,"141":4,"142":4,"143":4,"144":4,"145":4,"146":4,"147":1,"148":1,"149":1,"151":1,"152":1,"153":1,"154":1,"155":1,"156":1,"157":1,"158":1,"159":0,"160":1,"161":1,"162":1,"163":1,"164":1,"166":1,"167":1,"168":1,"169":1,"170":1,"171":1,"172":1,"173":1,"174":1,"175":1,"176":1,"177":1,"178":1,"179":1,"180":1,"181":1,"182":1,"183":1,"185":1},"branchMap":{"0":{"type":"branch","line":100,"loc":{"start":{"line":100,"column":2},"end":{"line":110,"column":3}},"locations":[{"start":{"line":100,"column":2},"end":{"line":110,"column":3}}]},"1":{"type":"branch","line":104,"loc":{"start":{"line":104,"column":4},"end":{"line":108,"column":5}},"locations":[{"start":{"line":104,"column":4},"end":{"line":108,"column":5}}]},"2":{"type":"branch","line":112,"loc":{"start":{"line":112,"column":2},"end":{"line":114,"column":3}},"locations":[{"start":{"line":112,"column":2},"end":{"line":114,"column":3}}]},"3":{"type":"branch","line":134,"loc":{"start":{"line":134,"column":10},"end":{"line":150,"column":3}},"locations":[{"start":{"line":134,"column":10},"end":{"line":150,"column":3}}]},"4":{"type":"branch","line":136,"loc":{"start":{"line":136,"column":36},"end":{"line":149,"column":5}},"locations":[{"start":{"line":136,"column":36},"end":{"line":149,"column":5}}]},"5":{"type":"branch","line":137,"loc":{"start":{"line":137,"column":30},"end":{"line":148,"column":7}},"locations":[{"start":{"line":137,"column":30},"end":{"line":148,"column":7}}]},"6":{"type":"branch","line":152,"loc":{"start":{"line":152,"column":10},"end":{"line":165,"column":3}},"locations":[{"start":{"line":152,"column":10},"end":{"line":165,"column":3}}]},"7":{"type":"branch","line":159,"loc":{"start":{"line":159,"column":40},"end":{"line":161,"column":11}},"locations":[{"start":{"line":159,"column":40},"end":{"line":161,"column":11}}]},"8":{"type":"branch","line":167,"loc":{"start":{"line":167,"column":9},"end":{"line":184,"column":3}},"locations":[{"start":{"line":167,"column":9},"end":{"line":184,"column":3}}]},"9":{"type":"branch","line":173,"loc":{"start":{"line":173,"column":46},"end":{"line":177,"column":6}},"locations":[{"start":{"line":173,"column":46},"end":{"line":177,"column":6}}]}},"b":{"0":[1],"1":[0],"2":[2],"3":[1],"4":[1],"5":[4],"6":[1],"7":[0],"8":[1],"9":[1]},"fnMap":{"0":{"name":"JimError","decl":{"start":{"line":86,"column":2},"end":{"line":88,"column":3}},"loc":{"start":{"line":86,"column":2},"end":{"line":88,"column":3}},"line":86},"1":{"name":"Jimerator","decl":{"start":{"line":100,"column":2},"end":{"line":110,"column":3}},"loc":{"start":{"line":100,"column":2},"end":{"line":110,"column":3}},"line":100},"2":{"name":"get jim","decl":{"start":{"line":112,"column":2},"end":{"line":114,"column":3}},"loc":{"start":{"line":112,"column":2},"end":{"line":114,"column":3}},"line":112},"3":{"name":"_addSelectorsOrdered","decl":{"start":{"line":116,"column":10},"end":{"line":132,"column":3}},"loc":{"start":{"line":116,"column":10},"end":{"line":132,"column":3}},"line":116},"4":{"name":"_addSelectorsUnordered","decl":{"start":{"line":134,"column":10},"end":{"line":150,"column":3}},"loc":{"start":{"line":134,"column":10},"end":{"line":150,"column":3}},"line":134},"5":{"name":"_renderSelectors","decl":{"start":{"line":152,"column":10},"end":{"line":165,"column":3}},"loc":{"start":{"line":152,"column":10},"end":{"line":165,"column":3}},"line":152},"6":{"name":"render","decl":{"start":{"line":167,"column":9},"end":{"line":184,"column":3}},"loc":{"start":{"line":167,"column":9},"end":{"line":184,"column":3}},"line":167}},"f":{"0":0,"1":1,"2":2,"3":0,"4":1,"5":1,"6":1}}
,"C:\\Users\\remcc\\jimerator\\src\\stories\\ManifestPicker.stories.ts": {"path":"C:\\Users\\remcc\\jimerator\\src\\stories\\ManifestPicker.stories.ts","all":true,"statementMap":{"20":{"start":{"line":21,"column":0},"end":{"line":21,"column":83}},"22":{"start":{"line":23,"column":0},"end":{"line":23,"column":76}},"24":{"start":{"line":25,"column":0},"end":{"line":25,"column":79}},"26":{"start":{"line":27,"column":0},"end":{"line":27,"column":14}},"27":{"start":{"line":28,"column":0},"end":{"line":28,"column":27}},"28":{"start":{"line":29,"column":0},"end":{"line":29,"column":21}},"29":{"start":{"line":30,"column":0},"end":{"line":30,"column":46}},"30":{"start":{"line":31,"column":0},"end":{"line":31,"column":13}},"31":{"start":{"line":32,"column":0},"end":{"line":32,"column":15}},"32":{"start":{"line":33,"column":0},"end":{"line":33,"column":39}},"33":{"start":{"line":34,"column":0},"end":{"line":34,"column":34}},"34":{"start":{"line":35,"column":0},"end":{"line":35,"column":24}},"35":{"start":{"line":36,"column":0},"end":{"line":36,"column":5}},"36":{"start":{"line":37,"column":0},"end":{"line":37,"column":3}},"37":{"start":{"line":38,"column":0},"end":{"line":38,"column":38}},"39":{"start":{"line":40,"column":0},"end":{"line":40,"column":20}},"42":{"start":{"line":43,"column":0},"end":{"line":43,"column":41}}},"s":{"20":0,"22":0,"24":0,"26":0,"27":0,"28":0,"29":0,"30":0,"31":0,"32":0,"33":0,"34":0,"35":0,"36":0,"37":0,"39":0,"42":0},"branchMap":{"0":{"type":"branch","line":1,"loc":{"start":{"line":1,"column":1461},"end":{"line":43,"column":41}},"locations":[{"start":{"line":1,"column":1461},"end":{"line":43,"column":41}}]}},"b":{"0":[1]},"fnMap":{"0":{"name":"(empty-report)","decl":{"start":{"line":1,"column":1461},"end":{"line":43,"column":41}},"loc":{"start":{"line":1,"column":1461},"end":{"line":43,"column":41}},"line":1}},"f":{"0":1}}
,"C:\\Users\\remcc\\jimerator\\src\\stories\\ManifestPicker.ts": {"path":"C:\\Users\\remcc\\jimerator\\src\\stories\\ManifestPicker.ts","all":true,"statementMap":{"0":{"start":{"line":1,"column":0},"end":{"line":1,"column":24}},"16":{"start":{"line":17,"column":0},"end":{"line":17,"column":55}},"17":{"start":{"line":18,"column":0},"end":{"line":18,"column":60}},"20":{"start":{"line":21,"column":0},"end":{"line":21,"column":74}},"23":{"start":{"line":24,"column":0},"end":{"line":24,"column":33}},"24":{"start":{"line":25,"column":0},"end":{"line":25,"column":48}},"25":{"start":{"line":26,"column":0},"end":{"line":26,"column":13}},"26":{"start":{"line":27,"column":0},"end":{"line":27,"column":33}},"28":{"start":{"line":29,"column":0},"end":{"line":29,"column":26}},"31":{"start":{"line":32,"column":0},"end":{"line":32,"column":46}},"32":{"start":{"line":33,"column":0},"end":{"line":33,"column":44}},"34":{"start":{"line":35,"column":0},"end":{"line":35,"column":24}},"35":{"start":{"line":36,"column":0},"end":{"line":36,"column":64}},"36":{"start":{"line":37,"column":0},"end":{"line":37,"column":49}},"37":{"start":{"line":38,"column":0},"end":{"line":38,"column":46}},"38":{"start":{"line":39,"column":0},"end":{"line":39,"column":89}},"39":{"start":{"line":40,"column":0},"end":{"line":40,"column":73}},"40":{"start":{"line":41,"column":0},"end":{"line":41,"column":25}},"41":{"start":{"line":42,"column":0},"end":{"line":42,"column":3}},"43":{"start":{"line":44,"column":0},"end":{"line":44,"column":29}},"44":{"start":{"line":45,"column":0},"end":{"line":45,"column":30}},"45":{"start":{"line":46,"column":0},"end":{"line":46,"column":30}},"46":{"start":{"line":47,"column":0},"end":{"line":47,"column":24}},"47":{"start":{"line":48,"column":0},"end":{"line":48,"column":26}},"48":{"start":{"line":49,"column":0},"end":{"line":49,"column":5}},"49":{"start":{"line":50,"column":0},"end":{"line":50,"column":3}},"51":{"start":{"line":52,"column":0},"end":{"line":52,"column":65}},"52":{"start":{"line":53,"column":0},"end":{"line":53,"column":36}},"53":{"start":{"line":54,"column":0},"end":{"line":54,"column":55}},"54":{"start":{"line":55,"column":0},"end":{"line":55,"column":58}},"55":{"start":{"line":56,"column":0},"end":{"line":56,"column":5}},"56":{"start":{"line":57,"column":0},"end":{"line":57,"column":61}},"57":{"start":{"line":58,"column":0},"end":{"line":58,"column":38}},"58":{"start":{"line":59,"column":0},"end":{"line":59,"column":32}},"59":{"start":{"line":60,"column":0},"end":{"line":60,"column":5}},"60":{"start":{"line":61,"column":0},"end":{"line":61,"column":3}},"62":{"start":{"line":63,"column":0},"end":{"line":63,"column":12}},"63":{"start":{"line":64,"column":0},"end":{"line":64,"column":25}},"64":{"start":{"line":65,"column":0},"end":{"line":65,"column":40}},"65":{"start":{"line":66,"column":0},"end":{"line":66,"column":5}},"68":{"start":{"line":69,"column":0},"end":{"line":69,"column":39}},"69":{"start":{"line":70,"column":0},"end":{"line":70,"column":37}},"70":{"start":{"line":71,"column":0},"end":{"line":71,"column":5}},"73":{"start":{"line":74,"column":0},"end":{"line":74,"column":50}},"74":{"start":{"line":75,"column":0},"end":{"line":75,"column":3}},"76":{"start":{"line":77,"column":0},"end":{"line":77,"column":1}},"86":{"start":{"line":87,"column":0},"end":{"line":87,"column":75}},"87":{"start":{"line":88,"column":0},"end":{"line":88,"column":14}},"89":{"start":{"line":90,"column":0},"end":{"line":90,"column":26}},"93":{"start":{"line":94,"column":0},"end":{"line":94,"column":2}}},"s":{"0":0,"16":0,"17":0,"20":0,"23":0,"24":0,"25":0,"26":0,"28":0,"31":0,"32":0,"34":0,"35":0,"36":0,"37":0,"38":0,"39":0,"40":0,"41":0,"43":0,"44":0,"45":0,"46":0,"47":0,"48":0,"49":0,"51":0,"52":0,"53":0,"54":0,"55":0,"56":0,"57":0,"58":0,"59":0,"60":0,"62":0,"63":0,"64":0,"65":0,"68":0,"69":0,"70":0,"73":0,"74":0,"76":0,"86":0,"87":0,"89":0,"93":0},"branchMap":{"0":{"type":"branch","line":1,"loc":{"start":{"line":1,"column":2793},"end":{"line":94,"column":2}},"locations":[{"start":{"line":1,"column":2793},"end":{"line":94,"column":2}}]}},"b":{"0":[0]},"fnMap":{"0":{"name":"(empty-report)","decl":{"start":{"line":1,"column":2793},"end":{"line":94,"column":2}},"loc":{"start":{"line":1,"column":2793},"end":{"line":94,"column":2}},"line":1}},"f":{"0":0}}
}
